<?xml version="1.0" encoding="UTF-8"?>
<!-- Generated by org.testng.reporters.JUnitReportReporter -->
<testsuite hostname="Abdullah" failures="0" tests="4" name="project1.Myfirstproject" time="24.396" errors="0" timestamp="2025-11-16T17:19:10 AST" skipped="0">
  <testcase classname="project1.Myfirstproject" name="signup" time="13.852"/>
  <testcase classname="project1.Myfirstproject" name="logout" time="2.708"/>
  <testcase classname="project1.Myfirstproject" name="login" time="4.441"/>
  <testcase classname="project1.Myfirstproject" name="deleteaccount" time="3.395"/>
</testsuite> <!-- project1.Myfirstproject -->
